<?xml version="1.0" encoding="UTF-8"?>
<!-- Generated by org.testng.reporters.JUnitXMLReporter -->
<testsuite hostname="emelie-VirtualBox" name="Surefire test" tests="19" failures="0" timestamp="1 Apr 2021 08:47:38 GMT" time="0.198" errors="0">
  <testcase name="testMultiplicationZero on testMultiplicationZero(com.calculator.maven._pass_emelieSannerfeltSaraChristensen.BasicCalculatorTest)" time="0.007" classname="com.calculator.maven._pass_emelieSannerfeltSaraChristensen.BasicCalculatorTest"/>
  <testcase name="testAdditionPositive on testAdditionPositive(com.calculator.maven._pass_emelieSannerfeltSaraChristensen.BasicCalculatorTest)" time="0.008" classname="com.calculator.maven._pass_emelieSannerfeltSaraChristensen.BasicCalculatorTest"/>
  <testcase name="testAdditionNegative on testAdditionNegative(com.calculator.maven._pass_emelieSannerfeltSaraChristensen.BasicCalculatorTest)" time="0.004" classname="com.calculator.maven._pass_emelieSannerfeltSaraChristensen.BasicCalculatorTest"/>
  <testcase name="testDivisionZero on testDivisionZero(com.calculator.maven._pass_emelieSannerfeltSaraChristensen.BasicCalculatorTest)" time="0.0" classname="com.calculator.maven._pass_emelieSannerfeltSaraChristensen.BasicCalculatorTest"/>
  <testcase name="testMultiplicationPositive on testMultiplicationPositive(com.calculator.maven._pass_emelieSannerfeltSaraChristensen.BasicCalculatorTest)" time="0.004" classname="com.calculator.maven._pass_emelieSannerfeltSaraChristensen.BasicCalculatorTest"/>
  <testcase name="testDivisionPositive on testDivisionPositive(com.calculator.maven._pass_emelieSannerfeltSaraChristensen.BasicCalculatorTest)" time="0.003" classname="com.calculator.maven._pass_emelieSannerfeltSaraChristensen.BasicCalculatorTest"/>
  <testcase name="testMultiplicationNegative on testMultiplicationNegative(com.calculator.maven._pass_emelieSannerfeltSaraChristensen.BasicCalculatorTest)" time="0.003" classname="com.calculator.maven._pass_emelieSannerfeltSaraChristensen.BasicCalculatorTest"/>
  <testcase name="testDivisionNegative on testDivisionNegative(com.calculator.maven._pass_emelieSannerfeltSaraChristensen.BasicCalculatorTest)" time="0.003" classname="com.calculator.maven._pass_emelieSannerfeltSaraChristensen.BasicCalculatorTest"/>
  <testcase name="testSubtractionZero on testSubtractionZero(com.calculator.maven._pass_emelieSannerfeltSaraChristensen.BasicCalculatorTest)" time="0.0" classname="com.calculator.maven._pass_emelieSannerfeltSaraChristensen.BasicCalculatorTest"/>
  <testcase name="testAdditionZero on testAdditionZero(com.calculator.maven._pass_emelieSannerfeltSaraChristensen.BasicCalculatorTest)" time="0.0" classname="com.calculator.maven._pass_emelieSannerfeltSaraChristensen.BasicCalculatorTest"/>
  <testcase name="testSubtractionPositive on testSubtractionPositive(com.calculator.maven._pass_emelieSannerfeltSaraChristensen.BasicCalculatorTest)" time="0.003" classname="com.calculator.maven._pass_emelieSannerfeltSaraChristensen.BasicCalculatorTest"/>
  <testcase name="testSubtractionNegative on testSubtractionNegative(com.calculator.maven._pass_emelieSannerfeltSaraChristensen.BasicCalculatorTest)" time="0.003" classname="com.calculator.maven._pass_emelieSannerfeltSaraChristensen.BasicCalculatorTest"/>
  <testcase name="testCubeNegative on testCubeNegative(com.calculator.maven._pass_emelieSannerfeltSaraChristensen.AdvancedCalculatorTest)" time="0.003" classname="com.calculator.maven._pass_emelieSannerfeltSaraChristensen.AdvancedCalculatorTest"/>
  <testcase name="testSquareRootPositive on testSquareRootPositive(com.calculator.maven._pass_emelieSannerfeltSaraChristensen.AdvancedCalculatorTest)" time="0.003" classname="com.calculator.maven._pass_emelieSannerfeltSaraChristensen.AdvancedCalculatorTest"/>
  <testcase name="testraisedToThePowerOfPositive on testraisedToThePowerOfPositive(com.calculator.maven._pass_emelieSannerfeltSaraChristensen.AdvancedCalculatorTest)" time="0.003" classname="com.calculator.maven._pass_emelieSannerfeltSaraChristensen.AdvancedCalculatorTest"/>
  <testcase name="testSquarePositive on testSquarePositive(com.calculator.maven._pass_emelieSannerfeltSaraChristensen.AdvancedCalculatorTest)" time="0.002" classname="com.calculator.maven._pass_emelieSannerfeltSaraChristensen.AdvancedCalculatorTest"/>
  <testcase name="testSquareNegative on testSquareNegative(com.calculator.maven._pass_emelieSannerfeltSaraChristensen.AdvancedCalculatorTest)" time="0.002" classname="com.calculator.maven._pass_emelieSannerfeltSaraChristensen.AdvancedCalculatorTest"/>
  <testcase name="testAbsoluteValuePositive on testAbsoluteValuePositive(com.calculator.maven._pass_emelieSannerfeltSaraChristensen.AdvancedCalculatorTest)" time="0.003" classname="com.calculator.maven._pass_emelieSannerfeltSaraChristensen.AdvancedCalculatorTest"/>
  <testcase name="testCubePositive on testCubePositive(com.calculator.maven._pass_emelieSannerfeltSaraChristensen.AdvancedCalculatorTest)" time="0.003" classname="com.calculator.maven._pass_emelieSannerfeltSaraChristensen.AdvancedCalculatorTest"/>
</testsuite> <!-- Surefire test -->
