<?xml version="1.0" encoding="UTF-8"?>
<testsuite name="TestSuite" time="0.062" tests="19" errors="0" skipped="0" failures="0">
  <properties>
[...]
</properties>
  <testcase name="testMultiplicationZero on testMultiplicationZero(com.calculator.maven._pass_emelieSannerfeltSaraChristensen.BasicCalculatorTest)" classname="com.calculator.maven._pass_emelieSannerfeltSaraChristensen.BasicCalculatorTest" time="0.002"/>
  <testcase name="testAdditionPositive on testAdditionPositive(com.calculator.maven._pass_emelieSannerfeltSaraChristensen.BasicCalculatorTest)" classname="com.calculator.maven._pass_emelieSannerfeltSaraChristensen.BasicCalculatorTest" time="0.021"/>
  <testcase name="testAdditionNegative on testAdditionNegative(com.calculator.maven._pass_emelieSannerfeltSaraChristensen.BasicCalculatorTest)" classname="com.calculator.maven._pass_emelieSannerfeltSaraChristensen.BasicCalculatorTest" time="0"/>
  <testcase name="testDivisionZero on testDivisionZero(com.calculator.maven._pass_emelieSannerfeltSaraChristensen.BasicCalculatorTest)" classname="com.calculator.maven._pass_emelieSannerfeltSaraChristensen.BasicCalculatorTest" time="0"/>
  <testcase name="testMultiplicationPositive on testMultiplicationPositive(com.calculator.maven._pass_emelieSannerfeltSaraChristensen.BasicCalculatorTest)" classname="com.calculator.maven._pass_emelieSannerfeltSaraChristensen.BasicCalculatorTest" time="0.001"/>
  <testcase name="testDivisionPositive on testDivisionPositive(com.calculator.maven._pass_emelieSannerfeltSaraChristensen.BasicCalculatorTest)" classname="com.calculator.maven._pass_emelieSannerfeltSaraChristensen.BasicCalculatorTest" time="0.001"/>
  <testcase name="testMultiplicationNegative on testMultiplicationNegative(com.calculator.maven._pass_emelieSannerfeltSaraChristensen.BasicCalculatorTest)" classname="com.calculator.maven._pass_emelieSannerfeltSaraChristensen.BasicCalculatorTest" time="0"/>
  <testcase name="testDivisionNegative on testDivisionNegative(com.calculator.maven._pass_emelieSannerfeltSaraChristensen.BasicCalculatorTest)" classname="com.calculator.maven._pass_emelieSannerfeltSaraChristensen.BasicCalculatorTest" time="0.004"/>
  <testcase name="testSubtractionZero on testSubtractionZero(com.calculator.maven._pass_emelieSannerfeltSaraChristensen.BasicCalculatorTest)" classname="com.calculator.maven._pass_emelieSannerfeltSaraChristensen.BasicCalculatorTest" time="0"/>
  <testcase name="testAdditionZero on testAdditionZero(com.calculator.maven._pass_emelieSannerfeltSaraChristensen.BasicCalculatorTest)" classname="com.calculator.maven._pass_emelieSannerfeltSaraChristensen.BasicCalculatorTest" time="0"/>
  <testcase name="testSubtractionPositive on testSubtractionPositive(com.calculator.maven._pass_emelieSannerfeltSaraChristensen.BasicCalculatorTest)" classname="com.calculator.maven._pass_emelieSannerfeltSaraChristensen.BasicCalculatorTest" time="0.001"/>
  <testcase name="testSubtractionNegative on testSubtractionNegative(com.calculator.maven._pass_emelieSannerfeltSaraChristensen.BasicCalculatorTest)" classname="com.calculator.maven._pass_emelieSannerfeltSaraChristensen.BasicCalculatorTest" time="0.017"/>
  <testcase name="testCubeNegative on testCubeNegative(com.calculator.maven._pass_emelieSannerfeltSaraChristensen.AdvancedCalculatorTest)" classname="com.calculator.maven._pass_emelieSannerfeltSaraChristensen.AdvancedCalculatorTest" time="0.001"/>
  <testcase name="testSquareRootPositive on testSquareRootPositive(com.calculator.maven._pass_emelieSannerfeltSaraChristensen.AdvancedCalculatorTest)" classname="com.calculator.maven._pass_emelieSannerfeltSaraChristensen.AdvancedCalculatorTest" time="0.002"/>
  <testcase name="testraisedToThePowerOfPositive on testraisedToThePowerOfPositive(com.calculator.maven._pass_emelieSannerfeltSaraChristensen.AdvancedCalculatorTest)" classname="com.calculator.maven._pass_emelieSannerfeltSaraChristensen.AdvancedCalculatorTest" time="0.001"/>
  <testcase name="testSquarePositive on testSquarePositive(com.calculator.maven._pass_emelieSannerfeltSaraChristensen.AdvancedCalculatorTest)" classname="com.calculator.maven._pass_emelieSannerfeltSaraChristensen.AdvancedCalculatorTest" time="0.003"/>
  <testcase name="testSquareNegative on testSquareNegative(com.calculator.maven._pass_emelieSannerfeltSaraChristensen.AdvancedCalculatorTest)" classname="com.calculator.maven._pass_emelieSannerfeltSaraChristensen.AdvancedCalculatorTest" time="0.005"/>
  <testcase name="testAbsoluteValuePositive on testAbsoluteValuePositive(com.calculator.maven._pass_emelieSannerfeltSaraChristensen.AdvancedCalculatorTest)" classname="com.calculator.maven._pass_emelieSannerfeltSaraChristensen.AdvancedCalculatorTest" time="0.001"/>
  <testcase name="testCubePositive on testCubePositive(com.calculator.maven._pass_emelieSannerfeltSaraChristensen.AdvancedCalculatorTest)" classname="com.calculator.maven._pass_emelieSannerfeltSaraChristensen.AdvancedCalculatorTest" time="0.002"/>
</testsuite>